{
  "RSpec": {
    "coverage": {
      "/Users/henry/Bookmark-Manager/app.rb": [
        1,
        1,
        null,
        null,
        null,
        1,
        1,
        1,
        null,
        null,
        1,
        null,
        1,
        1,
        1,
        null,
        null,
        1,
        null,
        null,
        null,
        null,
        null,
        null,
        null,
        null
      ],
      "/Users/henry/Bookmark-Manager/lib/bookmark.rb": [
        1,
        null,
        null,
        1,
        null,
        null,
        null,
        null,
        null,
        1,
        1,
        1,
        5,
        null,
        null,
        null,
        null,
        null,
        null,
        null
      ],
      "/Users/henry/Bookmark-Manager/spec/features/index_spec.rb": [
        1,
        1,
        1,
        1,
        null,
        null
      ],
      "/Users/henry/Bookmark-Manager/spec/features/view_bookmarks_spec.rb": [
        1,
        1,
        1,
        1,
        null,
        null
      ]
    },
    "timestamp": 1553534345
  }
}
