{
  "RSpec": {
    "coverage": {
      "/Users/henry/Bookmark-Manager/app.rb": [
        1,
        1,
        null,
        1,
        null,
        null,
        null,
        1,
        null,
        1,
        7,
        7,
        null,
        null,
        1,
        2,
        2,
        2,
        null,
        null,
        1,
        1,
        1,
        null,
        null,
        1,
        null
      ],
      "/Users/henry/Bookmark-Manager/lib/bookmark.rb": [
        null,
        1,
        1,
        1,
        null,
        1,
        34,
        34,
        34,
        null,
        null,
        1,
        13,
        13,
        null,
        0,
        null,
        null,
        13,
        33,
        null,
        null,
        1,
        14,
        14,
        null,
        0,
        null,
        null,
        14,
        14,
        null,
        null,
        1,
        2,
        2,
        null,
        0,
        null,
        null,
        2,
        2,
        null,
        null
      ],
      "/Users/henry/Bookmark-Manager/spec/features/add_spec.rb": [
        1,
        null,
        1,
        1,
        null,
        1,
        1,
        1,
        1,
        1,
        null,
        null,
        null,
        1,
        1,
        1,
        null,
        1,
        1,
        1,
        1,
        1,
        1,
        null,
        null
      ],
      "/Users/henry/Bookmark-Manager/spec/features/delete_spec.rb": [
        1,
        1,
        1,
        1,
        null,
        1,
        1,
        1,
        null,
        1,
        null,
        1,
        null,
        null
      ],
      "/Users/henry/Bookmark-Manager/spec/features/display_spec.rb": [
        1,
        null,
        1,
        1,
        null,
        1,
        1,
        1,
        null,
        1,
        null,
        1,
        1,
        1,
        null,
        null
      ],
      "/Users/henry/Bookmark-Manager/spec/unit/bookmark_spec.rb": [
        1,
        null,
        1,
        1,
        null,
        1,
        1,
        1,
        1,
        null,
        1,
        null,
        1,
        1,
        1,
        null,
        null,
        1,
        1,
        null,
        1,
        null,
        null,
        1,
        1,
        1,
        1,
        1,
        1,
        1,
        null,
        null,
        null
      ]
    },
    "timestamp": 1553786630
  }
}
